CRITICAL - 2023-05-25 23:53:06 --> Class "Config\AuthFilter" not found
in SYSTEMPATH/Filters/Filters.php on line 166.
 1 SYSTEMPATH/CodeIgniter.php(473): CodeIgniter\Filters\Filters->run()
 2 SYSTEMPATH/CodeIgniter.php(368): CodeIgniter\CodeIgniter->handleRequest()
 3 FCPATH/index.php(67): CodeIgniter\CodeIgniter->run()
 4 SYSTEMPATH/Commands/Server/rewrite.php(47): require_once('/var/www/html/pog_codigniter_v1/public/index.php')
CRITICAL - 2023-05-25 23:53:07 --> Class "Config\AuthFilter" not found
in SYSTEMPATH/Filters/Filters.php on line 166.
 1 SYSTEMPATH/CodeIgniter.php(473): CodeIgniter\Filters\Filters->run()
 2 SYSTEMPATH/CodeIgniter.php(368): CodeIgniter\CodeIgniter->handleRequest()
 3 FCPATH/index.php(67): CodeIgniter\CodeIgniter->run()
 4 SYSTEMPATH/Commands/Server/rewrite.php(47): require_once('/var/www/html/pog_codigniter_v1/public/index.php')
CRITICAL - 2023-05-25 23:53:40 --> Class "Config\AuthFilter" not found
in SYSTEMPATH/Filters/Filters.php on line 166.
 1 SYSTEMPATH/CodeIgniter.php(473): CodeIgniter\Filters\Filters->run()
 2 SYSTEMPATH/CodeIgniter.php(368): CodeIgniter\CodeIgniter->handleRequest()
 3 FCPATH/index.php(67): CodeIgniter\CodeIgniter->run()
 4 SYSTEMPATH/Commands/Server/rewrite.php(47): require_once('/var/www/html/pog_codigniter_v1/public/index.php')
CRITICAL - 2023-05-25 23:53:43 --> Class "Config\AuthFilter" not found
in SYSTEMPATH/Filters/Filters.php on line 166.
 1 SYSTEMPATH/CodeIgniter.php(473): CodeIgniter\Filters\Filters->run()
 2 SYSTEMPATH/CodeIgniter.php(368): CodeIgniter\CodeIgniter->handleRequest()
 3 FCPATH/index.php(67): CodeIgniter\CodeIgniter->run()
 4 SYSTEMPATH/Commands/Server/rewrite.php(47): require_once('/var/www/html/pog_codigniter_v1/public/index.php')
CRITICAL - 2023-05-25 23:54:19 --> Class "Config\AuthFilter" not found
in SYSTEMPATH/Filters/Filters.php on line 166.
 1 SYSTEMPATH/CodeIgniter.php(473): CodeIgniter\Filters\Filters->run()
 2 SYSTEMPATH/CodeIgniter.php(368): CodeIgniter\CodeIgniter->handleRequest()
 3 FCPATH/index.php(67): CodeIgniter\CodeIgniter->run()
 4 SYSTEMPATH/Commands/Server/rewrite.php(47): require_once('/var/www/html/pog_codigniter_v1/public/index.php')
CRITICAL - 2023-05-25 23:54:22 --> Class "Config\AuthFilter" not found
in SYSTEMPATH/Filters/Filters.php on line 166.
 1 SYSTEMPATH/CodeIgniter.php(473): CodeIgniter\Filters\Filters->run()
 2 SYSTEMPATH/CodeIgniter.php(368): CodeIgniter\CodeIgniter->handleRequest()
 3 FCPATH/index.php(67): CodeIgniter\CodeIgniter->run()
 4 SYSTEMPATH/Commands/Server/rewrite.php(47): require_once('/var/www/html/pog_codigniter_v1/public/index.php')
CRITICAL - 2023-05-25 23:54:22 --> Class "Config\AuthFilter" not found
in SYSTEMPATH/Filters/Filters.php on line 166.
 1 SYSTEMPATH/CodeIgniter.php(473): CodeIgniter\Filters\Filters->run()
 2 SYSTEMPATH/CodeIgniter.php(368): CodeIgniter\CodeIgniter->handleRequest()
 3 FCPATH/index.php(67): CodeIgniter\CodeIgniter->run()
 4 SYSTEMPATH/Commands/Server/rewrite.php(47): require_once('/var/www/html/pog_codigniter_v1/public/index.php')
CRITICAL - 2023-05-25 23:54:28 --> Class "Config\AuthFilter" not found
in SYSTEMPATH/Filters/Filters.php on line 166.
 1 SYSTEMPATH/CodeIgniter.php(473): CodeIgniter\Filters\Filters->run()
 2 SYSTEMPATH/CodeIgniter.php(368): CodeIgniter\CodeIgniter->handleRequest()
 3 FCPATH/index.php(67): CodeIgniter\CodeIgniter->run()
 4 SYSTEMPATH/Commands/Server/rewrite.php(47): require_once('/var/www/html/pog_codigniter_v1/public/index.php')
CRITICAL - 2023-05-25 23:54:28 --> Class "Config\AuthFilter" not found
in SYSTEMPATH/Filters/Filters.php on line 166.
 1 SYSTEMPATH/CodeIgniter.php(473): CodeIgniter\Filters\Filters->run()
 2 SYSTEMPATH/CodeIgniter.php(368): CodeIgniter\CodeIgniter->handleRequest()
 3 FCPATH/index.php(67): CodeIgniter\CodeIgniter->run()
 4 SYSTEMPATH/Commands/Server/rewrite.php(47): require_once('/var/www/html/pog_codigniter_v1/public/index.php')
CRITICAL - 2023-05-25 23:54:28 --> Class "Config\AuthFilter" not found
in SYSTEMPATH/Filters/Filters.php on line 166.
 1 SYSTEMPATH/CodeIgniter.php(473): CodeIgniter\Filters\Filters->run()
 2 SYSTEMPATH/CodeIgniter.php(368): CodeIgniter\CodeIgniter->handleRequest()
 3 FCPATH/index.php(67): CodeIgniter\CodeIgniter->run()
 4 SYSTEMPATH/Commands/Server/rewrite.php(47): require_once('/var/www/html/pog_codigniter_v1/public/index.php')
CRITICAL - 2023-05-25 23:54:29 --> Class "Config\AuthFilter" not found
in SYSTEMPATH/Filters/Filters.php on line 166.
 1 SYSTEMPATH/CodeIgniter.php(473): CodeIgniter\Filters\Filters->run()
 2 SYSTEMPATH/CodeIgniter.php(368): CodeIgniter\CodeIgniter->handleRequest()
 3 FCPATH/index.php(67): CodeIgniter\CodeIgniter->run()
 4 SYSTEMPATH/Commands/Server/rewrite.php(47): require_once('/var/www/html/pog_codigniter_v1/public/index.php')
CRITICAL - 2023-05-25 23:54:29 --> Class "Config\AuthFilter" not found
in SYSTEMPATH/Filters/Filters.php on line 166.
 1 SYSTEMPATH/CodeIgniter.php(473): CodeIgniter\Filters\Filters->run()
 2 SYSTEMPATH/CodeIgniter.php(368): CodeIgniter\CodeIgniter->handleRequest()
 3 FCPATH/index.php(67): CodeIgniter\CodeIgniter->run()
 4 SYSTEMPATH/Commands/Server/rewrite.php(47): require_once('/var/www/html/pog_codigniter_v1/public/index.php')
CRITICAL - 2023-05-25 23:56:18 --> Class "Config\AuthFilter" not found
in SYSTEMPATH/Filters/Filters.php on line 166.
 1 SYSTEMPATH/CodeIgniter.php(473): CodeIgniter\Filters\Filters->run()
 2 SYSTEMPATH/CodeIgniter.php(368): CodeIgniter\CodeIgniter->handleRequest()
 3 FCPATH/index.php(67): CodeIgniter\CodeIgniter->run()
 4 SYSTEMPATH/Commands/Server/rewrite.php(47): require_once('/var/www/html/pog_codigniter_v1/public/index.php')
