WARNING - 2023-05-28 05:25:08 --> [DEPRECATED] Since fakerphp/faker 1.14: Accessing property "state" is deprecated, use "state()" instead. in VENDORPATH\symfony\deprecation-contracts\function.php on line 25.
 1 VENDORPATH\symfony\deprecation-contracts\function.php(25): trigger_error('Since fakerphp/faker 1.14: Accessing property "state" is deprecated, use "state()" instead.', 16384)
 2 VENDORPATH\fakerphp\faker\src\Faker\Generator.php(950): trigger_deprecation('fakerphp/faker', '1.14', 'Accessing property "%s" is deprecated, use "%s()" instead.', 'state', 'state')
 3 APPPATH\Database\Seeds\EnderecoSeeder.php(17): Faker\Generator->__get('state')
 4 SYSTEMPATH\Database\Seeder.php(146): App\Database\Seeds\EnderecoSeeder->run()
 5 SYSTEMPATH\Commands\Database\Seed.php(77): CodeIgniter\Database\Seeder->call('App\\Database\\Seeds\\EnderecoSeeder')
 6 SYSTEMPATH\CLI\Commands.php(65): CodeIgniter\Commands\Database\Seed->run([])
 7 SYSTEMPATH\CLI\Console.php(37): CodeIgniter\CLI\Commands->run('db:seed', [])
 8 ROOTPATH\spark(97): CodeIgniter\CLI\Console->run()
WARNING - 2023-05-28 05:25:08 --> [DEPRECATED] Since fakerphp/faker 1.14: Accessing property "city" is deprecated, use "city()" instead. in VENDORPATH\symfony\deprecation-contracts\function.php on line 25.
 1 VENDORPATH\symfony\deprecation-contracts\function.php(25): trigger_error('Since fakerphp/faker 1.14: Accessing property "city" is deprecated, use "city()" instead.', 16384)
 2 VENDORPATH\fakerphp\faker\src\Faker\Generator.php(950): trigger_deprecation('fakerphp/faker', '1.14', 'Accessing property "%s" is deprecated, use "%s()" instead.', 'city', 'city')
 3 APPPATH\Database\Seeds\EnderecoSeeder.php(18): Faker\Generator->__get('city')
 4 SYSTEMPATH\Database\Seeder.php(146): App\Database\Seeds\EnderecoSeeder->run()
 5 SYSTEMPATH\Commands\Database\Seed.php(77): CodeIgniter\Database\Seeder->call('App\\Database\\Seeds\\EnderecoSeeder')
 6 SYSTEMPATH\CLI\Commands.php(65): CodeIgniter\Commands\Database\Seed->run([])
 7 SYSTEMPATH\CLI\Console.php(37): CodeIgniter\CLI\Commands->run('db:seed', [])
 8 ROOTPATH\spark(97): CodeIgniter\CLI\Console->run()
WARNING - 2023-05-28 05:25:08 --> [DEPRECATED] Since fakerphp/faker 1.14: Accessing property "address" is deprecated, use "address()" instead. in VENDORPATH\symfony\deprecation-contracts\function.php on line 25.
 1 VENDORPATH\symfony\deprecation-contracts\function.php(25): trigger_error('Since fakerphp/faker 1.14: Accessing property "address" is deprecated, use "address()" instead.', 16384)
 2 VENDORPATH\fakerphp\faker\src\Faker\Generator.php(950): trigger_deprecation('fakerphp/faker', '1.14', 'Accessing property "%s" is deprecated, use "%s()" instead.', 'address', 'address')
 3 APPPATH\Database\Seeds\EnderecoSeeder.php(19): Faker\Generator->__get('address')
 4 SYSTEMPATH\Database\Seeder.php(146): App\Database\Seeds\EnderecoSeeder->run()
 5 SYSTEMPATH\Commands\Database\Seed.php(77): CodeIgniter\Database\Seeder->call('App\\Database\\Seeds\\EnderecoSeeder')
 6 SYSTEMPATH\CLI\Commands.php(65): CodeIgniter\Commands\Database\Seed->run([])
 7 SYSTEMPATH\CLI\Console.php(37): CodeIgniter\CLI\Commands->run('db:seed', [])
 8 ROOTPATH\spark(97): CodeIgniter\CLI\Console->run()
WARNING - 2023-05-28 05:25:08 --> [DEPRECATED] Since fakerphp/faker 1.14: Accessing property "buildingNumber" is deprecated, use "buildingNumber()" instead. in VENDORPATH\symfony\deprecation-contracts\function.php on line 25.
 1 VENDORPATH\symfony\deprecation-contracts\function.php(25): trigger_error('Since fakerphp/faker 1.14: Accessing property "buildingNumber" is deprecated, use "buildingNumber()" instead.', 16384)
 2 VENDORPATH\fakerphp\faker\src\Faker\Generator.php(950): trigger_deprecation('fakerphp/faker', '1.14', 'Accessing property "%s" is deprecated, use "%s()" instead.', 'buildingNumber', 'buildingNumber')
 3 APPPATH\Database\Seeds\EnderecoSeeder.php(20): Faker\Generator->__get('buildingNumber')
 4 SYSTEMPATH\Database\Seeder.php(146): App\Database\Seeds\EnderecoSeeder->run()
 5 SYSTEMPATH\Commands\Database\Seed.php(77): CodeIgniter\Database\Seeder->call('App\\Database\\Seeds\\EnderecoSeeder')
 6 SYSTEMPATH\CLI\Commands.php(65): CodeIgniter\Commands\Database\Seed->run([])
 7 SYSTEMPATH\CLI\Console.php(37): CodeIgniter\CLI\Commands->run('db:seed', [])
 8 ROOTPATH\spark(97): CodeIgniter\CLI\Console->run()
WARNING - 2023-05-28 05:25:08 --> [DEPRECATED] Since fakerphp/faker 1.14: Accessing property "secondaryAddress" is deprecated, use "secondaryAddress()" instead. in VENDORPATH\symfony\deprecation-contracts\function.php on line 25.
 1 VENDORPATH\symfony\deprecation-contracts\function.php(25): trigger_error('Since fakerphp/faker 1.14: Accessing property "secondaryAddress" is deprecated, use "secondaryAddress()" instead.', 16384)
 2 VENDORPATH\fakerphp\faker\src\Faker\ChanceGenerator.php(43): trigger_deprecation('fakerphp/faker', '1.14', 'Accessing property "%s" is deprecated, use "%s()" instead.', 'secondaryAddress', 'secondaryAddress')
 3 APPPATH\Database\Seeds\EnderecoSeeder.php(21): Faker\ChanceGenerator->__get('secondaryAddress')
 4 SYSTEMPATH\Database\Seeder.php(146): App\Database\Seeds\EnderecoSeeder->run()
 5 SYSTEMPATH\Commands\Database\Seed.php(77): CodeIgniter\Database\Seeder->call('App\\Database\\Seeds\\EnderecoSeeder')
 6 SYSTEMPATH\CLI\Commands.php(65): CodeIgniter\Commands\Database\Seed->run([])
 7 SYSTEMPATH\CLI\Console.php(37): CodeIgniter\CLI\Commands->run('db:seed', [])
 8 ROOTPATH\spark(97): CodeIgniter\CLI\Console->run()
WARNING - 2023-05-28 05:25:08 --> [DEPRECATED] Since fakerphp/faker 1.14: Accessing property "state" is deprecated, use "state()" instead. in VENDORPATH\symfony\deprecation-contracts\function.php on line 25.
 1 VENDORPATH\symfony\deprecation-contracts\function.php(25): trigger_error('Since fakerphp/faker 1.14: Accessing property "state" is deprecated, use "state()" instead.', 16384)
 2 VENDORPATH\fakerphp\faker\src\Faker\Generator.php(950): trigger_deprecation('fakerphp/faker', '1.14', 'Accessing property "%s" is deprecated, use "%s()" instead.', 'state', 'state')
 3 APPPATH\Database\Seeds\EnderecoSeeder.php(17): Faker\Generator->__get('state')
 4 SYSTEMPATH\Database\Seeder.php(146): App\Database\Seeds\EnderecoSeeder->run()
 5 SYSTEMPATH\Commands\Database\Seed.php(77): CodeIgniter\Database\Seeder->call('App\\Database\\Seeds\\EnderecoSeeder')
 6 SYSTEMPATH\CLI\Commands.php(65): CodeIgniter\Commands\Database\Seed->run([])
 7 SYSTEMPATH\CLI\Console.php(37): CodeIgniter\CLI\Commands->run('db:seed', [])
 8 ROOTPATH\spark(97): CodeIgniter\CLI\Console->run()
WARNING - 2023-05-28 05:25:08 --> [DEPRECATED] Since fakerphp/faker 1.14: Accessing property "city" is deprecated, use "city()" instead. in VENDORPATH\symfony\deprecation-contracts\function.php on line 25.
 1 VENDORPATH\symfony\deprecation-contracts\function.php(25): trigger_error('Since fakerphp/faker 1.14: Accessing property "city" is deprecated, use "city()" instead.', 16384)
 2 VENDORPATH\fakerphp\faker\src\Faker\Generator.php(950): trigger_deprecation('fakerphp/faker', '1.14', 'Accessing property "%s" is deprecated, use "%s()" instead.', 'city', 'city')
 3 APPPATH\Database\Seeds\EnderecoSeeder.php(18): Faker\Generator->__get('city')
 4 SYSTEMPATH\Database\Seeder.php(146): App\Database\Seeds\EnderecoSeeder->run()
 5 SYSTEMPATH\Commands\Database\Seed.php(77): CodeIgniter\Database\Seeder->call('App\\Database\\Seeds\\EnderecoSeeder')
 6 SYSTEMPATH\CLI\Commands.php(65): CodeIgniter\Commands\Database\Seed->run([])
 7 SYSTEMPATH\CLI\Console.php(37): CodeIgniter\CLI\Commands->run('db:seed', [])
 8 ROOTPATH\spark(97): CodeIgniter\CLI\Console->run()
WARNING - 2023-05-28 05:25:08 --> [DEPRECATED] Since fakerphp/faker 1.14: Accessing property "address" is deprecated, use "address()" instead. in VENDORPATH\symfony\deprecation-contracts\function.php on line 25.
 1 VENDORPATH\symfony\deprecation-contracts\function.php(25): trigger_error('Since fakerphp/faker 1.14: Accessing property "address" is deprecated, use "address()" instead.', 16384)
 2 VENDORPATH\fakerphp\faker\src\Faker\Generator.php(950): trigger_deprecation('fakerphp/faker', '1.14', 'Accessing property "%s" is deprecated, use "%s()" instead.', 'address', 'address')
 3 APPPATH\Database\Seeds\EnderecoSeeder.php(19): Faker\Generator->__get('address')
 4 SYSTEMPATH\Database\Seeder.php(146): App\Database\Seeds\EnderecoSeeder->run()
 5 SYSTEMPATH\Commands\Database\Seed.php(77): CodeIgniter\Database\Seeder->call('App\\Database\\Seeds\\EnderecoSeeder')
 6 SYSTEMPATH\CLI\Commands.php(65): CodeIgniter\Commands\Database\Seed->run([])
 7 SYSTEMPATH\CLI\Console.php(37): CodeIgniter\CLI\Commands->run('db:seed', [])
 8 ROOTPATH\spark(97): CodeIgniter\CLI\Console->run()
WARNING - 2023-05-28 05:25:08 --> [DEPRECATED] Since fakerphp/faker 1.14: Accessing property "buildingNumber" is deprecated, use "buildingNumber()" instead. in VENDORPATH\symfony\deprecation-contracts\function.php on line 25.
 1 VENDORPATH\symfony\deprecation-contracts\function.php(25): trigger_error('Since fakerphp/faker 1.14: Accessing property "buildingNumber" is deprecated, use "buildingNumber()" instead.', 16384)
 2 VENDORPATH\fakerphp\faker\src\Faker\Generator.php(950): trigger_deprecation('fakerphp/faker', '1.14', 'Accessing property "%s" is deprecated, use "%s()" instead.', 'buildingNumber', 'buildingNumber')
 3 APPPATH\Database\Seeds\EnderecoSeeder.php(20): Faker\Generator->__get('buildingNumber')
 4 SYSTEMPATH\Database\Seeder.php(146): App\Database\Seeds\EnderecoSeeder->run()
 5 SYSTEMPATH\Commands\Database\Seed.php(77): CodeIgniter\Database\Seeder->call('App\\Database\\Seeds\\EnderecoSeeder')
 6 SYSTEMPATH\CLI\Commands.php(65): CodeIgniter\Commands\Database\Seed->run([])
 7 SYSTEMPATH\CLI\Console.php(37): CodeIgniter\CLI\Commands->run('db:seed', [])
 8 ROOTPATH\spark(97): CodeIgniter\CLI\Console->run()
WARNING - 2023-05-28 05:25:08 --> [DEPRECATED] Since fakerphp/faker 1.14: Accessing property "secondaryAddress" is deprecated, use "secondaryAddress()" instead. in VENDORPATH\symfony\deprecation-contracts\function.php on line 25.
 1 VENDORPATH\symfony\deprecation-contracts\function.php(25): trigger_error('Since fakerphp/faker 1.14: Accessing property "secondaryAddress" is deprecated, use "secondaryAddress()" instead.', 16384)
 2 VENDORPATH\fakerphp\faker\src\Faker\ChanceGenerator.php(43): trigger_deprecation('fakerphp/faker', '1.14', 'Accessing property "%s" is deprecated, use "%s()" instead.', 'secondaryAddress', 'secondaryAddress')
 3 APPPATH\Database\Seeds\EnderecoSeeder.php(21): Faker\ChanceGenerator->__get('secondaryAddress')
 4 SYSTEMPATH\Database\Seeder.php(146): App\Database\Seeds\EnderecoSeeder->run()
 5 SYSTEMPATH\Commands\Database\Seed.php(77): CodeIgniter\Database\Seeder->call('App\\Database\\Seeds\\EnderecoSeeder')
 6 SYSTEMPATH\CLI\Commands.php(65): CodeIgniter\Commands\Database\Seed->run([])
 7 SYSTEMPATH\CLI\Console.php(37): CodeIgniter\CLI\Commands->run('db:seed', [])
 8 ROOTPATH\spark(97): CodeIgniter\CLI\Console->run()
WARNING - 2023-05-28 05:25:08 --> [DEPRECATED] Since fakerphp/faker 1.14: Accessing property "state" is deprecated, use "state()" instead. in VENDORPATH\symfony\deprecation-contracts\function.php on line 25.
 1 VENDORPATH\symfony\deprecation-contracts\function.php(25): trigger_error('Since fakerphp/faker 1.14: Accessing property "state" is deprecated, use "state()" instead.', 16384)
 2 VENDORPATH\fakerphp\faker\src\Faker\Generator.php(950): trigger_deprecation('fakerphp/faker', '1.14', 'Accessing property "%s" is deprecated, use "%s()" instead.', 'state', 'state')
 3 APPPATH\Database\Seeds\EnderecoSeeder.php(17): Faker\Generator->__get('state')
 4 SYSTEMPATH\Database\Seeder.php(146): App\Database\Seeds\EnderecoSeeder->run()
 5 SYSTEMPATH\Commands\Database\Seed.php(77): CodeIgniter\Database\Seeder->call('App\\Database\\Seeds\\EnderecoSeeder')
 6 SYSTEMPATH\CLI\Commands.php(65): CodeIgniter\Commands\Database\Seed->run([])
 7 SYSTEMPATH\CLI\Console.php(37): CodeIgniter\CLI\Commands->run('db:seed', [])
 8 ROOTPATH\spark(97): CodeIgniter\CLI\Console->run()
WARNING - 2023-05-28 05:25:08 --> [DEPRECATED] Since fakerphp/faker 1.14: Accessing property "city" is deprecated, use "city()" instead. in VENDORPATH\symfony\deprecation-contracts\function.php on line 25.
 1 VENDORPATH\symfony\deprecation-contracts\function.php(25): trigger_error('Since fakerphp/faker 1.14: Accessing property "city" is deprecated, use "city()" instead.', 16384)
 2 VENDORPATH\fakerphp\faker\src\Faker\Generator.php(950): trigger_deprecation('fakerphp/faker', '1.14', 'Accessing property "%s" is deprecated, use "%s()" instead.', 'city', 'city')
 3 APPPATH\Database\Seeds\EnderecoSeeder.php(18): Faker\Generator->__get('city')
 4 SYSTEMPATH\Database\Seeder.php(146): App\Database\Seeds\EnderecoSeeder->run()
 5 SYSTEMPATH\Commands\Database\Seed.php(77): CodeIgniter\Database\Seeder->call('App\\Database\\Seeds\\EnderecoSeeder')
 6 SYSTEMPATH\CLI\Commands.php(65): CodeIgniter\Commands\Database\Seed->run([])
 7 SYSTEMPATH\CLI\Console.php(37): CodeIgniter\CLI\Commands->run('db:seed', [])
 8 ROOTPATH\spark(97): CodeIgniter\CLI\Console->run()
WARNING - 2023-05-28 05:25:08 --> [DEPRECATED] Since fakerphp/faker 1.14: Accessing property "address" is deprecated, use "address()" instead. in VENDORPATH\symfony\deprecation-contracts\function.php on line 25.
 1 VENDORPATH\symfony\deprecation-contracts\function.php(25): trigger_error('Since fakerphp/faker 1.14: Accessing property "address" is deprecated, use "address()" instead.', 16384)
 2 VENDORPATH\fakerphp\faker\src\Faker\Generator.php(950): trigger_deprecation('fakerphp/faker', '1.14', 'Accessing property "%s" is deprecated, use "%s()" instead.', 'address', 'address')
 3 APPPATH\Database\Seeds\EnderecoSeeder.php(19): Faker\Generator->__get('address')
 4 SYSTEMPATH\Database\Seeder.php(146): App\Database\Seeds\EnderecoSeeder->run()
 5 SYSTEMPATH\Commands\Database\Seed.php(77): CodeIgniter\Database\Seeder->call('App\\Database\\Seeds\\EnderecoSeeder')
 6 SYSTEMPATH\CLI\Commands.php(65): CodeIgniter\Commands\Database\Seed->run([])
 7 SYSTEMPATH\CLI\Console.php(37): CodeIgniter\CLI\Commands->run('db:seed', [])
 8 ROOTPATH\spark(97): CodeIgniter\CLI\Console->run()
WARNING - 2023-05-28 05:25:08 --> [DEPRECATED] Since fakerphp/faker 1.14: Accessing property "buildingNumber" is deprecated, use "buildingNumber()" instead. in VENDORPATH\symfony\deprecation-contracts\function.php on line 25.
 1 VENDORPATH\symfony\deprecation-contracts\function.php(25): trigger_error('Since fakerphp/faker 1.14: Accessing property "buildingNumber" is deprecated, use "buildingNumber()" instead.', 16384)
 2 VENDORPATH\fakerphp\faker\src\Faker\Generator.php(950): trigger_deprecation('fakerphp/faker', '1.14', 'Accessing property "%s" is deprecated, use "%s()" instead.', 'buildingNumber', 'buildingNumber')
 3 APPPATH\Database\Seeds\EnderecoSeeder.php(20): Faker\Generator->__get('buildingNumber')
 4 SYSTEMPATH\Database\Seeder.php(146): App\Database\Seeds\EnderecoSeeder->run()
 5 SYSTEMPATH\Commands\Database\Seed.php(77): CodeIgniter\Database\Seeder->call('App\\Database\\Seeds\\EnderecoSeeder')
 6 SYSTEMPATH\CLI\Commands.php(65): CodeIgniter\Commands\Database\Seed->run([])
 7 SYSTEMPATH\CLI\Console.php(37): CodeIgniter\CLI\Commands->run('db:seed', [])
 8 ROOTPATH\spark(97): CodeIgniter\CLI\Console->run()
WARNING - 2023-05-28 05:25:08 --> [DEPRECATED] Since fakerphp/faker 1.14: Accessing property "secondaryAddress" is deprecated, use "secondaryAddress()" instead. in VENDORPATH\symfony\deprecation-contracts\function.php on line 25.
 1 VENDORPATH\symfony\deprecation-contracts\function.php(25): trigger_error('Since fakerphp/faker 1.14: Accessing property "secondaryAddress" is deprecated, use "secondaryAddress()" instead.', 16384)
 2 VENDORPATH\fakerphp\faker\src\Faker\ChanceGenerator.php(43): trigger_deprecation('fakerphp/faker', '1.14', 'Accessing property "%s" is deprecated, use "%s()" instead.', 'secondaryAddress', 'secondaryAddress')
 3 APPPATH\Database\Seeds\EnderecoSeeder.php(21): Faker\ChanceGenerator->__get('secondaryAddress')
 4 SYSTEMPATH\Database\Seeder.php(146): App\Database\Seeds\EnderecoSeeder->run()
 5 SYSTEMPATH\Commands\Database\Seed.php(77): CodeIgniter\Database\Seeder->call('App\\Database\\Seeds\\EnderecoSeeder')
 6 SYSTEMPATH\CLI\Commands.php(65): CodeIgniter\Commands\Database\Seed->run([])
 7 SYSTEMPATH\CLI\Console.php(37): CodeIgniter\CLI\Commands->run('db:seed', [])
 8 ROOTPATH\spark(97): CodeIgniter\CLI\Console->run()
WARNING - 2023-05-28 05:25:08 --> [DEPRECATED] Since fakerphp/faker 1.14: Accessing property "state" is deprecated, use "state()" instead. in VENDORPATH\symfony\deprecation-contracts\function.php on line 25.
 1 VENDORPATH\symfony\deprecation-contracts\function.php(25): trigger_error('Since fakerphp/faker 1.14: Accessing property "state" is deprecated, use "state()" instead.', 16384)
 2 VENDORPATH\fakerphp\faker\src\Faker\Generator.php(950): trigger_deprecation('fakerphp/faker', '1.14', 'Accessing property "%s" is deprecated, use "%s()" instead.', 'state', 'state')
 3 APPPATH\Database\Seeds\EnderecoSeeder.php(17): Faker\Generator->__get('state')
 4 SYSTEMPATH\Database\Seeder.php(146): App\Database\Seeds\EnderecoSeeder->run()
 5 SYSTEMPATH\Commands\Database\Seed.php(77): CodeIgniter\Database\Seeder->call('App\\Database\\Seeds\\EnderecoSeeder')
 6 SYSTEMPATH\CLI\Commands.php(65): CodeIgniter\Commands\Database\Seed->run([])
 7 SYSTEMPATH\CLI\Console.php(37): CodeIgniter\CLI\Commands->run('db:seed', [])
 8 ROOTPATH\spark(97): CodeIgniter\CLI\Console->run()
WARNING - 2023-05-28 05:25:08 --> [DEPRECATED] Since fakerphp/faker 1.14: Accessing property "city" is deprecated, use "city()" instead. in VENDORPATH\symfony\deprecation-contracts\function.php on line 25.
 1 VENDORPATH\symfony\deprecation-contracts\function.php(25): trigger_error('Since fakerphp/faker 1.14: Accessing property "city" is deprecated, use "city()" instead.', 16384)
 2 VENDORPATH\fakerphp\faker\src\Faker\Generator.php(950): trigger_deprecation('fakerphp/faker', '1.14', 'Accessing property "%s" is deprecated, use "%s()" instead.', 'city', 'city')
 3 APPPATH\Database\Seeds\EnderecoSeeder.php(18): Faker\Generator->__get('city')
 4 SYSTEMPATH\Database\Seeder.php(146): App\Database\Seeds\EnderecoSeeder->run()
 5 SYSTEMPATH\Commands\Database\Seed.php(77): CodeIgniter\Database\Seeder->call('App\\Database\\Seeds\\EnderecoSeeder')
 6 SYSTEMPATH\CLI\Commands.php(65): CodeIgniter\Commands\Database\Seed->run([])
 7 SYSTEMPATH\CLI\Console.php(37): CodeIgniter\CLI\Commands->run('db:seed', [])
 8 ROOTPATH\spark(97): CodeIgniter\CLI\Console->run()
WARNING - 2023-05-28 05:25:08 --> [DEPRECATED] Since fakerphp/faker 1.14: Accessing property "address" is deprecated, use "address()" instead. in VENDORPATH\symfony\deprecation-contracts\function.php on line 25.
 1 VENDORPATH\symfony\deprecation-contracts\function.php(25): trigger_error('Since fakerphp/faker 1.14: Accessing property "address" is deprecated, use "address()" instead.', 16384)
 2 VENDORPATH\fakerphp\faker\src\Faker\Generator.php(950): trigger_deprecation('fakerphp/faker', '1.14', 'Accessing property "%s" is deprecated, use "%s()" instead.', 'address', 'address')
 3 APPPATH\Database\Seeds\EnderecoSeeder.php(19): Faker\Generator->__get('address')
 4 SYSTEMPATH\Database\Seeder.php(146): App\Database\Seeds\EnderecoSeeder->run()
 5 SYSTEMPATH\Commands\Database\Seed.php(77): CodeIgniter\Database\Seeder->call('App\\Database\\Seeds\\EnderecoSeeder')
 6 SYSTEMPATH\CLI\Commands.php(65): CodeIgniter\Commands\Database\Seed->run([])
 7 SYSTEMPATH\CLI\Console.php(37): CodeIgniter\CLI\Commands->run('db:seed', [])
 8 ROOTPATH\spark(97): CodeIgniter\CLI\Console->run()
WARNING - 2023-05-28 05:25:08 --> [DEPRECATED] Since fakerphp/faker 1.14: Accessing property "buildingNumber" is deprecated, use "buildingNumber()" instead. in VENDORPATH\symfony\deprecation-contracts\function.php on line 25.
 1 VENDORPATH\symfony\deprecation-contracts\function.php(25): trigger_error('Since fakerphp/faker 1.14: Accessing property "buildingNumber" is deprecated, use "buildingNumber()" instead.', 16384)
 2 VENDORPATH\fakerphp\faker\src\Faker\Generator.php(950): trigger_deprecation('fakerphp/faker', '1.14', 'Accessing property "%s" is deprecated, use "%s()" instead.', 'buildingNumber', 'buildingNumber')
 3 APPPATH\Database\Seeds\EnderecoSeeder.php(20): Faker\Generator->__get('buildingNumber')
 4 SYSTEMPATH\Database\Seeder.php(146): App\Database\Seeds\EnderecoSeeder->run()
 5 SYSTEMPATH\Commands\Database\Seed.php(77): CodeIgniter\Database\Seeder->call('App\\Database\\Seeds\\EnderecoSeeder')
 6 SYSTEMPATH\CLI\Commands.php(65): CodeIgniter\Commands\Database\Seed->run([])
 7 SYSTEMPATH\CLI\Console.php(37): CodeIgniter\CLI\Commands->run('db:seed', [])
 8 ROOTPATH\spark(97): CodeIgniter\CLI\Console->run()
WARNING - 2023-05-28 05:25:08 --> [DEPRECATED] Since fakerphp/faker 1.14: Accessing property "secondaryAddress" is deprecated, use "secondaryAddress()" instead. in VENDORPATH\symfony\deprecation-contracts\function.php on line 25.
 1 VENDORPATH\symfony\deprecation-contracts\function.php(25): trigger_error('Since fakerphp/faker 1.14: Accessing property "secondaryAddress" is deprecated, use "secondaryAddress()" instead.', 16384)
 2 VENDORPATH\fakerphp\faker\src\Faker\ChanceGenerator.php(43): trigger_deprecation('fakerphp/faker', '1.14', 'Accessing property "%s" is deprecated, use "%s()" instead.', 'secondaryAddress', 'secondaryAddress')
 3 APPPATH\Database\Seeds\EnderecoSeeder.php(21): Faker\ChanceGenerator->__get('secondaryAddress')
 4 SYSTEMPATH\Database\Seeder.php(146): App\Database\Seeds\EnderecoSeeder->run()
 5 SYSTEMPATH\Commands\Database\Seed.php(77): CodeIgniter\Database\Seeder->call('App\\Database\\Seeds\\EnderecoSeeder')
 6 SYSTEMPATH\CLI\Commands.php(65): CodeIgniter\Commands\Database\Seed->run([])
 7 SYSTEMPATH\CLI\Console.php(37): CodeIgniter\CLI\Commands->run('db:seed', [])
 8 ROOTPATH\spark(97): CodeIgniter\CLI\Console->run()
WARNING - 2023-05-28 05:25:08 --> [DEPRECATED] Since fakerphp/faker 1.14: Accessing property "state" is deprecated, use "state()" instead. in VENDORPATH\symfony\deprecation-contracts\function.php on line 25.
 1 VENDORPATH\symfony\deprecation-contracts\function.php(25): trigger_error('Since fakerphp/faker 1.14: Accessing property "state" is deprecated, use "state()" instead.', 16384)
 2 VENDORPATH\fakerphp\faker\src\Faker\Generator.php(950): trigger_deprecation('fakerphp/faker', '1.14', 'Accessing property "%s" is deprecated, use "%s()" instead.', 'state', 'state')
 3 APPPATH\Database\Seeds\EnderecoSeeder.php(17): Faker\Generator->__get('state')
 4 SYSTEMPATH\Database\Seeder.php(146): App\Database\Seeds\EnderecoSeeder->run()
 5 SYSTEMPATH\Commands\Database\Seed.php(77): CodeIgniter\Database\Seeder->call('App\\Database\\Seeds\\EnderecoSeeder')
 6 SYSTEMPATH\CLI\Commands.php(65): CodeIgniter\Commands\Database\Seed->run([])
 7 SYSTEMPATH\CLI\Console.php(37): CodeIgniter\CLI\Commands->run('db:seed', [])
 8 ROOTPATH\spark(97): CodeIgniter\CLI\Console->run()
WARNING - 2023-05-28 05:25:08 --> [DEPRECATED] Since fakerphp/faker 1.14: Accessing property "city" is deprecated, use "city()" instead. in VENDORPATH\symfony\deprecation-contracts\function.php on line 25.
 1 VENDORPATH\symfony\deprecation-contracts\function.php(25): trigger_error('Since fakerphp/faker 1.14: Accessing property "city" is deprecated, use "city()" instead.', 16384)
 2 VENDORPATH\fakerphp\faker\src\Faker\Generator.php(950): trigger_deprecation('fakerphp/faker', '1.14', 'Accessing property "%s" is deprecated, use "%s()" instead.', 'city', 'city')
 3 APPPATH\Database\Seeds\EnderecoSeeder.php(18): Faker\Generator->__get('city')
 4 SYSTEMPATH\Database\Seeder.php(146): App\Database\Seeds\EnderecoSeeder->run()
 5 SYSTEMPATH\Commands\Database\Seed.php(77): CodeIgniter\Database\Seeder->call('App\\Database\\Seeds\\EnderecoSeeder')
 6 SYSTEMPATH\CLI\Commands.php(65): CodeIgniter\Commands\Database\Seed->run([])
 7 SYSTEMPATH\CLI\Console.php(37): CodeIgniter\CLI\Commands->run('db:seed', [])
 8 ROOTPATH\spark(97): CodeIgniter\CLI\Console->run()
WARNING - 2023-05-28 05:25:08 --> [DEPRECATED] Since fakerphp/faker 1.14: Accessing property "address" is deprecated, use "address()" instead. in VENDORPATH\symfony\deprecation-contracts\function.php on line 25.
 1 VENDORPATH\symfony\deprecation-contracts\function.php(25): trigger_error('Since fakerphp/faker 1.14: Accessing property "address" is deprecated, use "address()" instead.', 16384)
 2 VENDORPATH\fakerphp\faker\src\Faker\Generator.php(950): trigger_deprecation('fakerphp/faker', '1.14', 'Accessing property "%s" is deprecated, use "%s()" instead.', 'address', 'address')
 3 APPPATH\Database\Seeds\EnderecoSeeder.php(19): Faker\Generator->__get('address')
 4 SYSTEMPATH\Database\Seeder.php(146): App\Database\Seeds\EnderecoSeeder->run()
 5 SYSTEMPATH\Commands\Database\Seed.php(77): CodeIgniter\Database\Seeder->call('App\\Database\\Seeds\\EnderecoSeeder')
 6 SYSTEMPATH\CLI\Commands.php(65): CodeIgniter\Commands\Database\Seed->run([])
 7 SYSTEMPATH\CLI\Console.php(37): CodeIgniter\CLI\Commands->run('db:seed', [])
 8 ROOTPATH\spark(97): CodeIgniter\CLI\Console->run()
WARNING - 2023-05-28 05:25:08 --> [DEPRECATED] Since fakerphp/faker 1.14: Accessing property "buildingNumber" is deprecated, use "buildingNumber()" instead. in VENDORPATH\symfony\deprecation-contracts\function.php on line 25.
 1 VENDORPATH\symfony\deprecation-contracts\function.php(25): trigger_error('Since fakerphp/faker 1.14: Accessing property "buildingNumber" is deprecated, use "buildingNumber()" instead.', 16384)
 2 VENDORPATH\fakerphp\faker\src\Faker\Generator.php(950): trigger_deprecation('fakerphp/faker', '1.14', 'Accessing property "%s" is deprecated, use "%s()" instead.', 'buildingNumber', 'buildingNumber')
 3 APPPATH\Database\Seeds\EnderecoSeeder.php(20): Faker\Generator->__get('buildingNumber')
 4 SYSTEMPATH\Database\Seeder.php(146): App\Database\Seeds\EnderecoSeeder->run()
 5 SYSTEMPATH\Commands\Database\Seed.php(77): CodeIgniter\Database\Seeder->call('App\\Database\\Seeds\\EnderecoSeeder')
 6 SYSTEMPATH\CLI\Commands.php(65): CodeIgniter\Commands\Database\Seed->run([])
 7 SYSTEMPATH\CLI\Console.php(37): CodeIgniter\CLI\Commands->run('db:seed', [])
 8 ROOTPATH\spark(97): CodeIgniter\CLI\Console->run()
WARNING - 2023-05-28 05:25:08 --> [DEPRECATED] Since fakerphp/faker 1.14: Accessing property "secondaryAddress" is deprecated, use "secondaryAddress()" instead. in VENDORPATH\symfony\deprecation-contracts\function.php on line 25.
 1 VENDORPATH\symfony\deprecation-contracts\function.php(25): trigger_error('Since fakerphp/faker 1.14: Accessing property "secondaryAddress" is deprecated, use "secondaryAddress()" instead.', 16384)
 2 VENDORPATH\fakerphp\faker\src\Faker\ChanceGenerator.php(43): trigger_deprecation('fakerphp/faker', '1.14', 'Accessing property "%s" is deprecated, use "%s()" instead.', 'secondaryAddress', 'secondaryAddress')
 3 APPPATH\Database\Seeds\EnderecoSeeder.php(21): Faker\ChanceGenerator->__get('secondaryAddress')
 4 SYSTEMPATH\Database\Seeder.php(146): App\Database\Seeds\EnderecoSeeder->run()
 5 SYSTEMPATH\Commands\Database\Seed.php(77): CodeIgniter\Database\Seeder->call('App\\Database\\Seeds\\EnderecoSeeder')
 6 SYSTEMPATH\CLI\Commands.php(65): CodeIgniter\Commands\Database\Seed->run([])
 7 SYSTEMPATH\CLI\Console.php(37): CodeIgniter\CLI\Commands->run('db:seed', [])
 8 ROOTPATH\spark(97): CodeIgniter\CLI\Console->run()
WARNING - 2023-05-28 05:25:08 --> [DEPRECATED] Since fakerphp/faker 1.14: Accessing property "state" is deprecated, use "state()" instead. in VENDORPATH\symfony\deprecation-contracts\function.php on line 25.
 1 VENDORPATH\symfony\deprecation-contracts\function.php(25): trigger_error('Since fakerphp/faker 1.14: Accessing property "state" is deprecated, use "state()" instead.', 16384)
 2 VENDORPATH\fakerphp\faker\src\Faker\Generator.php(950): trigger_deprecation('fakerphp/faker', '1.14', 'Accessing property "%s" is deprecated, use "%s()" instead.', 'state', 'state')
 3 APPPATH\Database\Seeds\EnderecoSeeder.php(17): Faker\Generator->__get('state')
 4 SYSTEMPATH\Database\Seeder.php(146): App\Database\Seeds\EnderecoSeeder->run()
 5 SYSTEMPATH\Commands\Database\Seed.php(77): CodeIgniter\Database\Seeder->call('App\\Database\\Seeds\\EnderecoSeeder')
 6 SYSTEMPATH\CLI\Commands.php(65): CodeIgniter\Commands\Database\Seed->run([])
 7 SYSTEMPATH\CLI\Console.php(37): CodeIgniter\CLI\Commands->run('db:seed', [])
 8 ROOTPATH\spark(97): CodeIgniter\CLI\Console->run()
WARNING - 2023-05-28 05:25:08 --> [DEPRECATED] Since fakerphp/faker 1.14: Accessing property "city" is deprecated, use "city()" instead. in VENDORPATH\symfony\deprecation-contracts\function.php on line 25.
 1 VENDORPATH\symfony\deprecation-contracts\function.php(25): trigger_error('Since fakerphp/faker 1.14: Accessing property "city" is deprecated, use "city()" instead.', 16384)
 2 VENDORPATH\fakerphp\faker\src\Faker\Generator.php(950): trigger_deprecation('fakerphp/faker', '1.14', 'Accessing property "%s" is deprecated, use "%s()" instead.', 'city', 'city')
 3 APPPATH\Database\Seeds\EnderecoSeeder.php(18): Faker\Generator->__get('city')
 4 SYSTEMPATH\Database\Seeder.php(146): App\Database\Seeds\EnderecoSeeder->run()
 5 SYSTEMPATH\Commands\Database\Seed.php(77): CodeIgniter\Database\Seeder->call('App\\Database\\Seeds\\EnderecoSeeder')
 6 SYSTEMPATH\CLI\Commands.php(65): CodeIgniter\Commands\Database\Seed->run([])
 7 SYSTEMPATH\CLI\Console.php(37): CodeIgniter\CLI\Commands->run('db:seed', [])
 8 ROOTPATH\spark(97): CodeIgniter\CLI\Console->run()
WARNING - 2023-05-28 05:25:08 --> [DEPRECATED] Since fakerphp/faker 1.14: Accessing property "address" is deprecated, use "address()" instead. in VENDORPATH\symfony\deprecation-contracts\function.php on line 25.
 1 VENDORPATH\symfony\deprecation-contracts\function.php(25): trigger_error('Since fakerphp/faker 1.14: Accessing property "address" is deprecated, use "address()" instead.', 16384)
 2 VENDORPATH\fakerphp\faker\src\Faker\Generator.php(950): trigger_deprecation('fakerphp/faker', '1.14', 'Accessing property "%s" is deprecated, use "%s()" instead.', 'address', 'address')
 3 APPPATH\Database\Seeds\EnderecoSeeder.php(19): Faker\Generator->__get('address')
 4 SYSTEMPATH\Database\Seeder.php(146): App\Database\Seeds\EnderecoSeeder->run()
 5 SYSTEMPATH\Commands\Database\Seed.php(77): CodeIgniter\Database\Seeder->call('App\\Database\\Seeds\\EnderecoSeeder')
 6 SYSTEMPATH\CLI\Commands.php(65): CodeIgniter\Commands\Database\Seed->run([])
 7 SYSTEMPATH\CLI\Console.php(37): CodeIgniter\CLI\Commands->run('db:seed', [])
 8 ROOTPATH\spark(97): CodeIgniter\CLI\Console->run()
WARNING - 2023-05-28 05:25:08 --> [DEPRECATED] Since fakerphp/faker 1.14: Accessing property "buildingNumber" is deprecated, use "buildingNumber()" instead. in VENDORPATH\symfony\deprecation-contracts\function.php on line 25.
 1 VENDORPATH\symfony\deprecation-contracts\function.php(25): trigger_error('Since fakerphp/faker 1.14: Accessing property "buildingNumber" is deprecated, use "buildingNumber()" instead.', 16384)
 2 VENDORPATH\fakerphp\faker\src\Faker\Generator.php(950): trigger_deprecation('fakerphp/faker', '1.14', 'Accessing property "%s" is deprecated, use "%s()" instead.', 'buildingNumber', 'buildingNumber')
 3 APPPATH\Database\Seeds\EnderecoSeeder.php(20): Faker\Generator->__get('buildingNumber')
 4 SYSTEMPATH\Database\Seeder.php(146): App\Database\Seeds\EnderecoSeeder->run()
 5 SYSTEMPATH\Commands\Database\Seed.php(77): CodeIgniter\Database\Seeder->call('App\\Database\\Seeds\\EnderecoSeeder')
 6 SYSTEMPATH\CLI\Commands.php(65): CodeIgniter\Commands\Database\Seed->run([])
 7 SYSTEMPATH\CLI\Console.php(37): CodeIgniter\CLI\Commands->run('db:seed', [])
 8 ROOTPATH\spark(97): CodeIgniter\CLI\Console->run()
WARNING - 2023-05-28 05:25:08 --> [DEPRECATED] Since fakerphp/faker 1.14: Accessing property "secondaryAddress" is deprecated, use "secondaryAddress()" instead. in VENDORPATH\symfony\deprecation-contracts\function.php on line 25.
 1 VENDORPATH\symfony\deprecation-contracts\function.php(25): trigger_error('Since fakerphp/faker 1.14: Accessing property "secondaryAddress" is deprecated, use "secondaryAddress()" instead.', 16384)
 2 VENDORPATH\fakerphp\faker\src\Faker\ChanceGenerator.php(43): trigger_deprecation('fakerphp/faker', '1.14', 'Accessing property "%s" is deprecated, use "%s()" instead.', 'secondaryAddress', 'secondaryAddress')
 3 APPPATH\Database\Seeds\EnderecoSeeder.php(21): Faker\ChanceGenerator->__get('secondaryAddress')
 4 SYSTEMPATH\Database\Seeder.php(146): App\Database\Seeds\EnderecoSeeder->run()
 5 SYSTEMPATH\Commands\Database\Seed.php(77): CodeIgniter\Database\Seeder->call('App\\Database\\Seeds\\EnderecoSeeder')
 6 SYSTEMPATH\CLI\Commands.php(65): CodeIgniter\Commands\Database\Seed->run([])
 7 SYSTEMPATH\CLI\Console.php(37): CodeIgniter\CLI\Commands->run('db:seed', [])
 8 ROOTPATH\spark(97): CodeIgniter\CLI\Console->run()
ERROR - 2023-05-28 05:25:08 --> mysqli_sql_exception: Cannot add or update a child row: a foreign key constraint fails (`pog_codigniter_v1`.`enderecos`, CONSTRAINT `enderecos_id_user_foreign` FOREIGN KEY (`id_user`) REFERENCES `users` (`id`) ON DELETE CASCADE ON UPDATE CASCADE) in D:\Programas\xampp\htdocs\pog_codigniter_v1\vendor\codeigniter4\framework\system\Database\MySQLi\Connection.php:295
Stack trace:
#0 D:\Programas\xampp\htdocs\pog_codigniter_v1\vendor\codeigniter4\framework\system\Database\MySQLi\Connection.php(295): mysqli->query('INSERT INTO `en...', 0)
#1 D:\Programas\xampp\htdocs\pog_codigniter_v1\vendor\codeigniter4\framework\system\Database\BaseConnection.php(692): CodeIgniter\Database\MySQLi\Connection->execute('INSERT INTO `en...')
#2 D:\Programas\xampp\htdocs\pog_codigniter_v1\vendor\codeigniter4\framework\system\Database\BaseConnection.php(606): CodeIgniter\Database\BaseConnection->simpleQuery('INSERT INTO `en...')
#3 D:\Programas\xampp\htdocs\pog_codigniter_v1\vendor\codeigniter4\framework\system\Database\BaseBuilder.php(2309): CodeIgniter\Database\BaseConnection->query('INSERT INTO `en...', Array, false)
#4 D:\Programas\xampp\htdocs\pog_codigniter_v1\app\Database\Seeds\EnderecoSeeder.php(26): CodeIgniter\Database\BaseBuilder->insert(Array)
#5 D:\Programas\xampp\htdocs\pog_codigniter_v1\vendor\codeigniter4\framework\system\Database\Seeder.php(146): App\Database\Seeds\EnderecoSeeder->run()
#6 D:\Programas\xampp\htdocs\pog_codigniter_v1\vendor\codeigniter4\framework\system\Commands\Database\Seed.php(77): CodeIgniter\Database\Seeder->call('App\\Database\\Se...')
#7 D:\Programas\xampp\htdocs\pog_codigniter_v1\vendor\codeigniter4\framework\system\CLI\Commands.php(65): CodeIgniter\Commands\Database\Seed->run(Array)
#8 D:\Programas\xampp\htdocs\pog_codigniter_v1\vendor\codeigniter4\framework\system\CLI\Console.php(37): CodeIgniter\CLI\Commands->run('db:seed', Array)
#9 D:\Programas\xampp\htdocs\pog_codigniter_v1\spark(97): CodeIgniter\CLI\Console->run()
#10 {main}
WARNING - 2023-05-28 05:27:06 --> [DEPRECATED] Since fakerphp/faker 1.14: Accessing property "state" is deprecated, use "state()" instead. in VENDORPATH\symfony\deprecation-contracts\function.php on line 25.
 1 VENDORPATH\symfony\deprecation-contracts\function.php(25): trigger_error('Since fakerphp/faker 1.14: Accessing property "state" is deprecated, use "state()" instead.', 16384)
 2 VENDORPATH\fakerphp\faker\src\Faker\Generator.php(950): trigger_deprecation('fakerphp/faker', '1.14', 'Accessing property "%s" is deprecated, use "%s()" instead.', 'state', 'state')
 3 APPPATH\Database\Seeds\EnderecoSeeder.php(15): Faker\Generator->__get('state')
 4 SYSTEMPATH\Database\Seeder.php(146): App\Database\Seeds\EnderecoSeeder->run()
 5 SYSTEMPATH\Commands\Database\Seed.php(77): CodeIgniter\Database\Seeder->call('App\\Database\\Seeds\\EnderecoSeeder')
 6 SYSTEMPATH\CLI\Commands.php(65): CodeIgniter\Commands\Database\Seed->run([])
 7 SYSTEMPATH\CLI\Console.php(37): CodeIgniter\CLI\Commands->run('db:seed', [...])
 8 ROOTPATH\spark(97): CodeIgniter\CLI\Console->run()
WARNING - 2023-05-28 05:27:06 --> [DEPRECATED] Since fakerphp/faker 1.14: Accessing property "city" is deprecated, use "city()" instead. in VENDORPATH\symfony\deprecation-contracts\function.php on line 25.
 1 VENDORPATH\symfony\deprecation-contracts\function.php(25): trigger_error('Since fakerphp/faker 1.14: Accessing property "city" is deprecated, use "city()" instead.', 16384)
 2 VENDORPATH\fakerphp\faker\src\Faker\Generator.php(950): trigger_deprecation('fakerphp/faker', '1.14', 'Accessing property "%s" is deprecated, use "%s()" instead.', 'city', 'city')
 3 APPPATH\Database\Seeds\EnderecoSeeder.php(16): Faker\Generator->__get('city')
 4 SYSTEMPATH\Database\Seeder.php(146): App\Database\Seeds\EnderecoSeeder->run()
 5 SYSTEMPATH\Commands\Database\Seed.php(77): CodeIgniter\Database\Seeder->call('App\\Database\\Seeds\\EnderecoSeeder')
 6 SYSTEMPATH\CLI\Commands.php(65): CodeIgniter\Commands\Database\Seed->run([])
 7 SYSTEMPATH\CLI\Console.php(37): CodeIgniter\CLI\Commands->run('db:seed', [...])
 8 ROOTPATH\spark(97): CodeIgniter\CLI\Console->run()
WARNING - 2023-05-28 05:27:06 --> [DEPRECATED] Since fakerphp/faker 1.14: Accessing property "address" is deprecated, use "address()" instead. in VENDORPATH\symfony\deprecation-contracts\function.php on line 25.
 1 VENDORPATH\symfony\deprecation-contracts\function.php(25): trigger_error('Since fakerphp/faker 1.14: Accessing property "address" is deprecated, use "address()" instead.', 16384)
 2 VENDORPATH\fakerphp\faker\src\Faker\Generator.php(950): trigger_deprecation('fakerphp/faker', '1.14', 'Accessing property "%s" is deprecated, use "%s()" instead.', 'address', 'address')
 3 APPPATH\Database\Seeds\EnderecoSeeder.php(17): Faker\Generator->__get('address')
 4 SYSTEMPATH\Database\Seeder.php(146): App\Database\Seeds\EnderecoSeeder->run()
 5 SYSTEMPATH\Commands\Database\Seed.php(77): CodeIgniter\Database\Seeder->call('App\\Database\\Seeds\\EnderecoSeeder')
 6 SYSTEMPATH\CLI\Commands.php(65): CodeIgniter\Commands\Database\Seed->run([])
 7 SYSTEMPATH\CLI\Console.php(37): CodeIgniter\CLI\Commands->run('db:seed', [...])
 8 ROOTPATH\spark(97): CodeIgniter\CLI\Console->run()
WARNING - 2023-05-28 05:27:06 --> [DEPRECATED] Since fakerphp/faker 1.14: Accessing property "buildingNumber" is deprecated, use "buildingNumber()" instead. in VENDORPATH\symfony\deprecation-contracts\function.php on line 25.
 1 VENDORPATH\symfony\deprecation-contracts\function.php(25): trigger_error('Since fakerphp/faker 1.14: Accessing property "buildingNumber" is deprecated, use "buildingNumber()" instead.', 16384)
 2 VENDORPATH\fakerphp\faker\src\Faker\Generator.php(950): trigger_deprecation('fakerphp/faker', '1.14', 'Accessing property "%s" is deprecated, use "%s()" instead.', 'buildingNumber', 'buildingNumber')
 3 APPPATH\Database\Seeds\EnderecoSeeder.php(18): Faker\Generator->__get('buildingNumber')
 4 SYSTEMPATH\Database\Seeder.php(146): App\Database\Seeds\EnderecoSeeder->run()
 5 SYSTEMPATH\Commands\Database\Seed.php(77): CodeIgniter\Database\Seeder->call('App\\Database\\Seeds\\EnderecoSeeder')
 6 SYSTEMPATH\CLI\Commands.php(65): CodeIgniter\Commands\Database\Seed->run([])
 7 SYSTEMPATH\CLI\Console.php(37): CodeIgniter\CLI\Commands->run('db:seed', [...])
 8 ROOTPATH\spark(97): CodeIgniter\CLI\Console->run()
WARNING - 2023-05-28 05:27:06 --> [DEPRECATED] Since fakerphp/faker 1.14: Accessing property "secondaryAddress" is deprecated, use "secondaryAddress()" instead. in VENDORPATH\symfony\deprecation-contracts\function.php on line 25.
 1 VENDORPATH\symfony\deprecation-contracts\function.php(25): trigger_error('Since fakerphp/faker 1.14: Accessing property "secondaryAddress" is deprecated, use "secondaryAddress()" instead.', 16384)
 2 VENDORPATH\fakerphp\faker\src\Faker\ChanceGenerator.php(43): trigger_deprecation('fakerphp/faker', '1.14', 'Accessing property "%s" is deprecated, use "%s()" instead.', 'secondaryAddress', 'secondaryAddress')
 3 APPPATH\Database\Seeds\EnderecoSeeder.php(19): Faker\ChanceGenerator->__get('secondaryAddress')
 4 SYSTEMPATH\Database\Seeder.php(146): App\Database\Seeds\EnderecoSeeder->run()
 5 SYSTEMPATH\Commands\Database\Seed.php(77): CodeIgniter\Database\Seeder->call('App\\Database\\Seeds\\EnderecoSeeder')
 6 SYSTEMPATH\CLI\Commands.php(65): CodeIgniter\Commands\Database\Seed->run([])
 7 SYSTEMPATH\CLI\Console.php(37): CodeIgniter\CLI\Commands->run('db:seed', [...])
 8 ROOTPATH\spark(97): CodeIgniter\CLI\Console->run()
WARNING - 2023-05-28 05:28:17 --> [DEPRECATED] Since fakerphp/faker 1.14: Accessing property "state" is deprecated, use "state()" instead. in VENDORPATH\symfony\deprecation-contracts\function.php on line 25.
 1 VENDORPATH\symfony\deprecation-contracts\function.php(25): trigger_error('Since fakerphp/faker 1.14: Accessing property "state" is deprecated, use "state()" instead.', 16384)
 2 VENDORPATH\fakerphp\faker\src\Faker\Generator.php(950): trigger_deprecation('fakerphp/faker', '1.14', 'Accessing property "%s" is deprecated, use "%s()" instead.', 'state', 'state')
 3 APPPATH\Database\Seeds\EnderecoSeeder.php(15): Faker\Generator->__get('state')
 4 SYSTEMPATH\Database\Seeder.php(146): App\Database\Seeds\EnderecoSeeder->run()
 5 SYSTEMPATH\Commands\Database\Seed.php(77): CodeIgniter\Database\Seeder->call('App\\Database\\Seeds\\EnderecoSeeder')
 6 SYSTEMPATH\CLI\Commands.php(65): CodeIgniter\Commands\Database\Seed->run([])
 7 SYSTEMPATH\CLI\Console.php(37): CodeIgniter\CLI\Commands->run('db:seed', [...])
 8 ROOTPATH\spark(97): CodeIgniter\CLI\Console->run()
WARNING - 2023-05-28 05:28:17 --> [DEPRECATED] Since fakerphp/faker 1.14: Accessing property "city" is deprecated, use "city()" instead. in VENDORPATH\symfony\deprecation-contracts\function.php on line 25.
 1 VENDORPATH\symfony\deprecation-contracts\function.php(25): trigger_error('Since fakerphp/faker 1.14: Accessing property "city" is deprecated, use "city()" instead.', 16384)
 2 VENDORPATH\fakerphp\faker\src\Faker\Generator.php(950): trigger_deprecation('fakerphp/faker', '1.14', 'Accessing property "%s" is deprecated, use "%s()" instead.', 'city', 'city')
 3 APPPATH\Database\Seeds\EnderecoSeeder.php(16): Faker\Generator->__get('city')
 4 SYSTEMPATH\Database\Seeder.php(146): App\Database\Seeds\EnderecoSeeder->run()
 5 SYSTEMPATH\Commands\Database\Seed.php(77): CodeIgniter\Database\Seeder->call('App\\Database\\Seeds\\EnderecoSeeder')
 6 SYSTEMPATH\CLI\Commands.php(65): CodeIgniter\Commands\Database\Seed->run([])
 7 SYSTEMPATH\CLI\Console.php(37): CodeIgniter\CLI\Commands->run('db:seed', [...])
 8 ROOTPATH\spark(97): CodeIgniter\CLI\Console->run()
WARNING - 2023-05-28 05:28:17 --> [DEPRECATED] Since fakerphp/faker 1.14: Accessing property "address" is deprecated, use "address()" instead. in VENDORPATH\symfony\deprecation-contracts\function.php on line 25.
 1 VENDORPATH\symfony\deprecation-contracts\function.php(25): trigger_error('Since fakerphp/faker 1.14: Accessing property "address" is deprecated, use "address()" instead.', 16384)
 2 VENDORPATH\fakerphp\faker\src\Faker\Generator.php(950): trigger_deprecation('fakerphp/faker', '1.14', 'Accessing property "%s" is deprecated, use "%s()" instead.', 'address', 'address')
 3 APPPATH\Database\Seeds\EnderecoSeeder.php(17): Faker\Generator->__get('address')
 4 SYSTEMPATH\Database\Seeder.php(146): App\Database\Seeds\EnderecoSeeder->run()
 5 SYSTEMPATH\Commands\Database\Seed.php(77): CodeIgniter\Database\Seeder->call('App\\Database\\Seeds\\EnderecoSeeder')
 6 SYSTEMPATH\CLI\Commands.php(65): CodeIgniter\Commands\Database\Seed->run([])
 7 SYSTEMPATH\CLI\Console.php(37): CodeIgniter\CLI\Commands->run('db:seed', [...])
 8 ROOTPATH\spark(97): CodeIgniter\CLI\Console->run()
WARNING - 2023-05-28 05:28:17 --> [DEPRECATED] Since fakerphp/faker 1.14: Accessing property "buildingNumber" is deprecated, use "buildingNumber()" instead. in VENDORPATH\symfony\deprecation-contracts\function.php on line 25.
 1 VENDORPATH\symfony\deprecation-contracts\function.php(25): trigger_error('Since fakerphp/faker 1.14: Accessing property "buildingNumber" is deprecated, use "buildingNumber()" instead.', 16384)
 2 VENDORPATH\fakerphp\faker\src\Faker\Generator.php(950): trigger_deprecation('fakerphp/faker', '1.14', 'Accessing property "%s" is deprecated, use "%s()" instead.', 'buildingNumber', 'buildingNumber')
 3 APPPATH\Database\Seeds\EnderecoSeeder.php(18): Faker\Generator->__get('buildingNumber')
 4 SYSTEMPATH\Database\Seeder.php(146): App\Database\Seeds\EnderecoSeeder->run()
 5 SYSTEMPATH\Commands\Database\Seed.php(77): CodeIgniter\Database\Seeder->call('App\\Database\\Seeds\\EnderecoSeeder')
 6 SYSTEMPATH\CLI\Commands.php(65): CodeIgniter\Commands\Database\Seed->run([])
 7 SYSTEMPATH\CLI\Console.php(37): CodeIgniter\CLI\Commands->run('db:seed', [...])
 8 ROOTPATH\spark(97): CodeIgniter\CLI\Console->run()
WARNING - 2023-05-28 05:28:17 --> [DEPRECATED] Since fakerphp/faker 1.14: Accessing property "secondaryAddress" is deprecated, use "secondaryAddress()" instead. in VENDORPATH\symfony\deprecation-contracts\function.php on line 25.
 1 VENDORPATH\symfony\deprecation-contracts\function.php(25): trigger_error('Since fakerphp/faker 1.14: Accessing property "secondaryAddress" is deprecated, use "secondaryAddress()" instead.', 16384)
 2 VENDORPATH\fakerphp\faker\src\Faker\ChanceGenerator.php(43): trigger_deprecation('fakerphp/faker', '1.14', 'Accessing property "%s" is deprecated, use "%s()" instead.', 'secondaryAddress', 'secondaryAddress')
 3 APPPATH\Database\Seeds\EnderecoSeeder.php(19): Faker\ChanceGenerator->__get('secondaryAddress')
 4 SYSTEMPATH\Database\Seeder.php(146): App\Database\Seeds\EnderecoSeeder->run()
 5 SYSTEMPATH\Commands\Database\Seed.php(77): CodeIgniter\Database\Seeder->call('App\\Database\\Seeds\\EnderecoSeeder')
 6 SYSTEMPATH\CLI\Commands.php(65): CodeIgniter\Commands\Database\Seed->run([])
 7 SYSTEMPATH\CLI\Console.php(37): CodeIgniter\CLI\Commands->run('db:seed', [...])
 8 ROOTPATH\spark(97): CodeIgniter\CLI\Console->run()
WARNING - 2023-05-28 05:28:55 --> [DEPRECATED] Since fakerphp/faker 1.14: Accessing property "state" is deprecated, use "state()" instead. in VENDORPATH\symfony\deprecation-contracts\function.php on line 25.
 1 VENDORPATH\symfony\deprecation-contracts\function.php(25): trigger_error('Since fakerphp/faker 1.14: Accessing property "state" is deprecated, use "state()" instead.', 16384)
 2 VENDORPATH\fakerphp\faker\src\Faker\Generator.php(950): trigger_deprecation('fakerphp/faker', '1.14', 'Accessing property "%s" is deprecated, use "%s()" instead.', 'state', 'state')
 3 APPPATH\Database\Seeds\EnderecoSeeder.php(15): Faker\Generator->__get('state')
 4 SYSTEMPATH\Database\Seeder.php(146): App\Database\Seeds\EnderecoSeeder->run()
 5 SYSTEMPATH\Commands\Database\Seed.php(77): CodeIgniter\Database\Seeder->call('App\\Database\\Seeds\\EnderecoSeeder')
 6 SYSTEMPATH\CLI\Commands.php(65): CodeIgniter\Commands\Database\Seed->run([])
 7 SYSTEMPATH\CLI\Console.php(37): CodeIgniter\CLI\Commands->run('db:seed', [...])
 8 ROOTPATH\spark(97): CodeIgniter\CLI\Console->run()
WARNING - 2023-05-28 05:28:55 --> [DEPRECATED] Since fakerphp/faker 1.14: Accessing property "city" is deprecated, use "city()" instead. in VENDORPATH\symfony\deprecation-contracts\function.php on line 25.
 1 VENDORPATH\symfony\deprecation-contracts\function.php(25): trigger_error('Since fakerphp/faker 1.14: Accessing property "city" is deprecated, use "city()" instead.', 16384)
 2 VENDORPATH\fakerphp\faker\src\Faker\Generator.php(950): trigger_deprecation('fakerphp/faker', '1.14', 'Accessing property "%s" is deprecated, use "%s()" instead.', 'city', 'city')
 3 APPPATH\Database\Seeds\EnderecoSeeder.php(16): Faker\Generator->__get('city')
 4 SYSTEMPATH\Database\Seeder.php(146): App\Database\Seeds\EnderecoSeeder->run()
 5 SYSTEMPATH\Commands\Database\Seed.php(77): CodeIgniter\Database\Seeder->call('App\\Database\\Seeds\\EnderecoSeeder')
 6 SYSTEMPATH\CLI\Commands.php(65): CodeIgniter\Commands\Database\Seed->run([])
 7 SYSTEMPATH\CLI\Console.php(37): CodeIgniter\CLI\Commands->run('db:seed', [...])
 8 ROOTPATH\spark(97): CodeIgniter\CLI\Console->run()
WARNING - 2023-05-28 05:28:55 --> [DEPRECATED] Since fakerphp/faker 1.14: Accessing property "address" is deprecated, use "address()" instead. in VENDORPATH\symfony\deprecation-contracts\function.php on line 25.
 1 VENDORPATH\symfony\deprecation-contracts\function.php(25): trigger_error('Since fakerphp/faker 1.14: Accessing property "address" is deprecated, use "address()" instead.', 16384)
 2 VENDORPATH\fakerphp\faker\src\Faker\Generator.php(950): trigger_deprecation('fakerphp/faker', '1.14', 'Accessing property "%s" is deprecated, use "%s()" instead.', 'address', 'address')
 3 APPPATH\Database\Seeds\EnderecoSeeder.php(17): Faker\Generator->__get('address')
 4 SYSTEMPATH\Database\Seeder.php(146): App\Database\Seeds\EnderecoSeeder->run()
 5 SYSTEMPATH\Commands\Database\Seed.php(77): CodeIgniter\Database\Seeder->call('App\\Database\\Seeds\\EnderecoSeeder')
 6 SYSTEMPATH\CLI\Commands.php(65): CodeIgniter\Commands\Database\Seed->run([])
 7 SYSTEMPATH\CLI\Console.php(37): CodeIgniter\CLI\Commands->run('db:seed', [...])
 8 ROOTPATH\spark(97): CodeIgniter\CLI\Console->run()
WARNING - 2023-05-28 05:28:55 --> [DEPRECATED] Since fakerphp/faker 1.14: Accessing property "buildingNumber" is deprecated, use "buildingNumber()" instead. in VENDORPATH\symfony\deprecation-contracts\function.php on line 25.
 1 VENDORPATH\symfony\deprecation-contracts\function.php(25): trigger_error('Since fakerphp/faker 1.14: Accessing property "buildingNumber" is deprecated, use "buildingNumber()" instead.', 16384)
 2 VENDORPATH\fakerphp\faker\src\Faker\Generator.php(950): trigger_deprecation('fakerphp/faker', '1.14', 'Accessing property "%s" is deprecated, use "%s()" instead.', 'buildingNumber', 'buildingNumber')
 3 APPPATH\Database\Seeds\EnderecoSeeder.php(18): Faker\Generator->__get('buildingNumber')
 4 SYSTEMPATH\Database\Seeder.php(146): App\Database\Seeds\EnderecoSeeder->run()
 5 SYSTEMPATH\Commands\Database\Seed.php(77): CodeIgniter\Database\Seeder->call('App\\Database\\Seeds\\EnderecoSeeder')
 6 SYSTEMPATH\CLI\Commands.php(65): CodeIgniter\Commands\Database\Seed->run([])
 7 SYSTEMPATH\CLI\Console.php(37): CodeIgniter\CLI\Commands->run('db:seed', [...])
 8 ROOTPATH\spark(97): CodeIgniter\CLI\Console->run()
WARNING - 2023-05-28 05:28:55 --> [DEPRECATED] Since fakerphp/faker 1.14: Accessing property "secondaryAddress" is deprecated, use "secondaryAddress()" instead. in VENDORPATH\symfony\deprecation-contracts\function.php on line 25.
 1 VENDORPATH\symfony\deprecation-contracts\function.php(25): trigger_error('Since fakerphp/faker 1.14: Accessing property "secondaryAddress" is deprecated, use "secondaryAddress()" instead.', 16384)
 2 VENDORPATH\fakerphp\faker\src\Faker\ChanceGenerator.php(43): trigger_deprecation('fakerphp/faker', '1.14', 'Accessing property "%s" is deprecated, use "%s()" instead.', 'secondaryAddress', 'secondaryAddress')
 3 APPPATH\Database\Seeds\EnderecoSeeder.php(19): Faker\ChanceGenerator->__get('secondaryAddress')
 4 SYSTEMPATH\Database\Seeder.php(146): App\Database\Seeds\EnderecoSeeder->run()
 5 SYSTEMPATH\Commands\Database\Seed.php(77): CodeIgniter\Database\Seeder->call('App\\Database\\Seeds\\EnderecoSeeder')
 6 SYSTEMPATH\CLI\Commands.php(65): CodeIgniter\Commands\Database\Seed->run([])
 7 SYSTEMPATH\CLI\Console.php(37): CodeIgniter\CLI\Commands->run('db:seed', [...])
 8 ROOTPATH\spark(97): CodeIgniter\CLI\Console->run()
